

Version:	3.50
CmdLine:	C:\Users\Kolnd\Documents\Desenv\projetos-pessoais\paw_fight\PawFight.exe --l4j-debug
JNI:		No
WOW64:		Yes
Requires JDK:	No
Requires 64-Bit: No
Java min ver:	1.017.000
Java max ver:	
Substitute:	JAVA_HOME = C:\Program Files\Java\jdk-25.0.2
Substitute:	PATH = C:\Program Files\Common Files\Oracle\Java\javapath;C:\WINDOWS\system32;C:\WINDOWS;C:\WINDOWS\System32\Wbem;C:\WINDOWS\System32\WindowsPowerShell\v1.0\;C:\WINDOWS\System32\OpenSSH\;C:\Program Files\NVIDIA Corporation\NVIDIA App\NvDLISR;C:\Program Files\Git\cmd;C:\Program Files (x86)\NVIDIA Corporation\PhysX\Common;C:\Program Files\Docker\Docker\resources\bin;C:\Program Files\Amazon\AWSCLIV2\;C:\Program Files\dotnet\;C:\Users\Kolnd\AppData\Local\Microsoft\WindowsApps;C:\Program Files (x86)\Steam\ext\bin;C:\Program Files\Java\jdk-17\bin;C:\Users\Kolnd\Documents\Desenv\maven\maven-mvnd-1.0.3-windows-amd64\mvn\bin;C:\Users\Kolnd\Documents\Desenv\gradle\gradle-9.3.1\bin;C:\Program Files\Java\jdk-25.0.2\bin;C:\Users\Kolnd\Documents\Desenv\.localstack;C:\Program Files\Java\jdk-25.0.2\bin
JRE paths:	C:\Program Files\Java\jdk-25.0.2;C:\Program Files\Common Files\Oracle\Java\javapath;C:\WINDOWS\system32;C:\WINDOWS;C:\WINDOWS\System32\Wbem;C:\WINDOWS\System32\WindowsPowerShell\v1.0\;C:\WINDOWS\System32\OpenSSH\;C:\Program Files\NVIDIA Corporation\NVIDIA App\NvDLISR;C:\Program Files\Git\cmd;C:\Program Files (x86)\NVIDIA Corporation\PhysX\Common;C:\Program Files\Docker\Docker\resources\bin;C:\Program Files\Amazon\AWSCLIV2\;C:\Program Files\dotnet\;C:\Users\Kolnd\AppData\Local\Microsoft\WindowsApps;C:\Program Files (x86)\Steam\ext\bin;C:\Program Files\Java\jdk-17\bin;C:\Users\Kolnd\Documents\Desenv\maven\maven-mvnd-1.0.3-windows-amd64\mvn\bin;C:\Users\Kolnd\Documents\Desenv\gradle\gradle-9.3.1\bin;C:\Program Files\Java\jdk-25.0.2\bin;C:\Users\Kolnd\Documents\Desenv\.localstack;C:\Program Files\Java\jdk-25.0.2\bin
Check launcher:	C:\Program Files\Java\jdk-25.0.2\bin\javaw.exe (OK)
Version string: 1.025.000_002 / 64-Bit (OK)
Main class:	com.pawfight.game.lwjgl3.Lwjgl3Launcher
Info:		Classpath not defined.
Launcher:	C:\Program Files\Java\jdk-25.0.2\bin\javaw.exe
Launcher args:	-classpath "C:\Users\Kolnd\Documents\Desenv\projetos-pessoais\paw_fight\PawFight.exe" com.pawfight.game.lwjgl3.Lwjgl3Launcher
Args length:	125/32768 chars
Exit code:	0


Version:	3.50
CmdLine:	C:\Users\Kolnd\Documents\Desenv\projetos-pessoais\paw_fight\PawFight.exe --l4j-debug
JNI:		No
WOW64:		Yes
Requires JDK:	No
Requires 64-Bit: No
Java min ver:	1.017.000
Java max ver:	
JRE paths:	jre\jdk-17.0.18+8 
Check launcher:	C:\Users\Kolnd\Documents\Desenv\projetos-pessoais\paw_fight\jre\jdk-17.0.18+8 \bin\javaw.exe (not found)
64-bit search:	SOFTWARE\JavaSoft\Java Runtime Environment...
32-bit search:	SOFTWARE\JavaSoft\Java Runtime Environment...
64-bit search:	SOFTWARE\JavaSoft\Java Development Kit...
32-bit search:	SOFTWARE\JavaSoft\Java Development Kit...
64-bit search:	SOFTWARE\JavaSoft\JRE...
32-bit search:	SOFTWARE\JavaSoft\JRE...
64-bit search:	SOFTWARE\JavaSoft\JDK...
Check:		SOFTWARE\JavaSoft\JDK\17.0.12
Version string: 1.017.000_012 / 64-Bit (OK)
Check launcher:	C:\Program Files\Java\jdk-17\bin\javaw.exe (OK)
Match:		1.017.000_012
Runtime used:	1.017.000_012 (64-bit)
Main class:	com.pawfight.game.lwjgl3.Lwjgl3Launcher
Info:		Classpath not defined.
Launcher:	C:\Program Files\Java\jdk-17\bin\javaw.exe
Launcher args:	-classpath "C:\Users\Kolnd\Documents\Desenv\projetos-pessoais\paw_fight\PawFight.exe" com.pawfight.game.lwjgl3.Lwjgl3Launcher
Args length:	125/32768 chars
Exit code:	0


Version:	3.50
CmdLine:	C:\Users\Kolnd\Documents\Desenv\projetos-pessoais\paw_fight\PawFight.exe --l4j-debug
JNI:		No
WOW64:		Yes
Requires JDK:	No
Requires 64-Bit: No
Java min ver:	1.017.000
Java max ver:	
JRE paths:	jre\jdk-17.0.18+8 
Check launcher:	C:\Users\Kolnd\Documents\Desenv\projetos-pessoais\paw_fight\jre\jdk-17.0.18+8 \bin\javaw.exe (not found)
64-bit search:	SOFTWARE\JavaSoft\Java Runtime Environment...
32-bit search:	SOFTWARE\JavaSoft\Java Runtime Environment...
64-bit search:	SOFTWARE\JavaSoft\Java Development Kit...
32-bit search:	SOFTWARE\JavaSoft\Java Development Kit...
64-bit search:	SOFTWARE\JavaSoft\JRE...
32-bit search:	SOFTWARE\JavaSoft\JRE...
64-bit search:	SOFTWARE\JavaSoft\JDK...
Check:		SOFTWARE\JavaSoft\JDK\17.0.12
Version string: 1.017.000_012 / 64-Bit (OK)
Check launcher:	C:\Program Files\Java\jdk-17\bin\javaw.exe (OK)
Match:		1.017.000_012
Runtime used:	1.017.000_012 (64-bit)
Main class:	com.pawfight.game.lwjgl3.Lwjgl3Launcher
Info:		Classpath not defined.
Launcher:	C:\Program Files\Java\jdk-17\bin\javaw.exe
Launcher args:	-classpath "C:\Users\Kolnd\Documents\Desenv\projetos-pessoais\paw_fight\PawFight.exe" com.pawfight.game.lwjgl3.Lwjgl3Launcher
Args length:	125/32768 chars
Exit code:	0


Version:	3.50
CmdLine:	C:\Users\Kolnd\Documents\Desenv\projetos-pessoais\paw_fight\PawFight.exe --l4j-debug
JNI:		No
WOW64:		Yes
Requires JDK:	No
Requires 64-Bit: No
Java min ver:	1.017.000
Java max ver:	
JRE paths:	jre\jdk-17.0.18+8 
Check launcher:	C:\Users\Kolnd\Documents\Desenv\projetos-pessoais\paw_fight\jre\jdk-17.0.18+8 \bin\javaw.exe (not found)
64-bit search:	SOFTWARE\JavaSoft\Java Runtime Environment...
32-bit search:	SOFTWARE\JavaSoft\Java Runtime Environment...
64-bit search:	SOFTWARE\JavaSoft\Java Development Kit...
32-bit search:	SOFTWARE\JavaSoft\Java Development Kit...
64-bit search:	SOFTWARE\JavaSoft\JRE...
32-bit search:	SOFTWARE\JavaSoft\JRE...
64-bit search:	SOFTWARE\JavaSoft\JDK...
Check:		SOFTWARE\JavaSoft\JDK\17.0.12
Version string: 1.017.000_012 / 64-Bit (OK)
Check launcher:	C:\Program Files\Java\jdk-17\bin\javaw.exe (OK)
Match:		1.017.000_012
Runtime used:	1.017.000_012 (64-bit)
Main class:	com.pawfight.game.lwjgl3.Lwjgl3Launcher
Info:		Classpath not defined.
Launcher:	C:\Program Files\Java\jdk-17\bin\javaw.exe
Launcher args:	-classpath "C:\Users\Kolnd\Documents\Desenv\projetos-pessoais\paw_fight\PawFight.exe" com.pawfight.game.lwjgl3.Lwjgl3Launcher
Args length:	125/32768 chars
Exit code:	0
